==== Cycle 1 ====

The method '[Method] com.ntt.skyway.room.member.LocalRoomMember createLocalRoomMember(com.ntt.skyway.room.Room room, com.ntt.skyway.core.channel.member.LocalPerson localPerson)' was removed because the Java parameter type 'com.ntt.skyway.core.channel.member.LocalPerson' could not be found.
The method '[Method] com.ntt.skyway.room.member.RemoteRoomMember createRemoteRoomMember(com.ntt.skyway.plugin.remotePerson.RemotePerson remotePerson)' was removed because the Java parameter type 'com.ntt.skyway.plugin.remotePerson.RemotePerson' could not be found.
The method '[Method] com.ntt.skyway.room.RoomPublication createRoomPublication(com.ntt.skyway.core.channel.Publication channelPublication)' was removed because the Java parameter type 'com.ntt.skyway.core.channel.Publication' could not be found.
The method '[Method] com.ntt.skyway.room.RoomSubscription createRoomSubscription(com.ntt.skyway.core.channel.Subscription channelSubscription)' was removed because the Java parameter type 'com.ntt.skyway.core.channel.Subscription' could not be found.
The field 'Java.Interop.Tools.JavaTypeSystem.Models.JavaFieldModel' was removed because its name contains a dollar sign.
The constructor 'Constructor: com.ntt.skyway.room.Room.Room' was removed because the Java parameter type 'com.ntt.skyway.core.channel.Channel' could not be found.
The method '[Method] com.ntt.skyway.core.channel.Channel access$getChannel$p(com.ntt.skyway.room.Room $this)' was removed because its name contains a dollar sign.
The method '[Method] java.lang.Object close(kotlin.coroutines.Continuation<? super java.lang.Boolean> $completion)' was removed because the Java parameter type 'kotlin.coroutines.Continuation' could not be found.
The method '[Method] com.ntt.skyway.room.member.RoomMember createRoomMember$room_release(com.ntt.skyway.core.channel.member.Member channelMember)' was removed because its name contains a dollar sign.
The method '[Method] com.ntt.skyway.room.RoomPublication createRoomPublication$room_release(com.ntt.skyway.core.channel.Publication channelPublication)' was removed because its name contains a dollar sign.
The method '[Method] com.ntt.skyway.room.RoomSubscription createRoomSubscription$room_release(com.ntt.skyway.core.channel.Subscription channelSubscription)' was removed because its name contains a dollar sign.
The method '[Method] kotlinx.coroutines.sync.Mutex getMutex$room_release()' was removed because its name contains a dollar sign.
The method '[Method] kotlin.jvm.functions.Function0<kotlin.Unit> getOnClosedHandler()' was removed because the Java return type 'kotlin.jvm.functions.Function0<kotlin.Unit>' could not be found.
The method '[Method] kotlin.jvm.functions.Function1<java.lang.Exception, kotlin.Unit> getOnErrorHandler()' was removed because the Java return type 'kotlin.jvm.functions.Function1<java.lang.Exception, kotlin.Unit>' could not be found.
The method '[Method] kotlin.jvm.functions.Function1<com.ntt.skyway.room.member.RoomMember, kotlin.Unit> getOnMemberJoinedHandler()' was removed because the Java return type 'kotlin.jvm.functions.Function1<com.ntt.skyway.room.member.RoomMember, kotlin.Unit>' could not be found.
The method '[Method] kotlin.jvm.functions.Function1<com.ntt.skyway.room.member.RoomMember, kotlin.Unit> getOnMemberLeftHandler()' was removed because the Java return type 'kotlin.jvm.functions.Function1<com.ntt.skyway.room.member.RoomMember, kotlin.Unit>' could not be found.
The method '[Method] kotlin.jvm.functions.Function0<kotlin.Unit> getOnMemberListChangedHandler()' was removed because the Java return type 'kotlin.jvm.functions.Function0<kotlin.Unit>' could not be found.
The method '[Method] kotlin.jvm.functions.Function2<com.ntt.skyway.room.member.RoomMember, java.lang.String, kotlin.Unit> getOnMemberMetadataUpdatedHandler()' was removed because the Java return type 'kotlin.jvm.functions.Function2<com.ntt.skyway.room.member.RoomMember, java.lang.String, kotlin.Unit>' could not be found.
The method '[Method] kotlin.jvm.functions.Function1<java.lang.String, kotlin.Unit> getOnMetadataUpdatedHandler()' was removed because the Java return type 'kotlin.jvm.functions.Function1<java.lang.String, kotlin.Unit>' could not be found.
The method '[Method] kotlin.jvm.functions.Function1<com.ntt.skyway.room.RoomPublication, kotlin.Unit> getOnPublicationDisabledHandler()' was removed because the Java return type 'kotlin.jvm.functions.Function1<com.ntt.skyway.room.RoomPublication, kotlin.Unit>' could not be found.
The method '[Method] kotlin.jvm.functions.Function1<com.ntt.skyway.room.RoomPublication, kotlin.Unit> getOnPublicationEnabledHandler()' was removed because the Java return type 'kotlin.jvm.functions.Function1<com.ntt.skyway.room.RoomPublication, kotlin.Unit>' could not be found.
The method '[Method] kotlin.jvm.functions.Function0<kotlin.Unit> getOnPublicationListChangedHandler()' was removed because the Java return type 'kotlin.jvm.functions.Function0<kotlin.Unit>' could not be found.
The method '[Method] kotlin.jvm.functions.Function2<com.ntt.skyway.room.RoomPublication, java.lang.String, kotlin.Unit> getOnPublicationMetadataUpdatedHandler()' was removed because the Java return type 'kotlin.jvm.functions.Function2<com.ntt.skyway.room.RoomPublication, java.lang.String, kotlin.Unit>' could not be found.
The method '[Method] kotlin.jvm.functions.Function1<com.ntt.skyway.room.RoomSubscription, kotlin.Unit> getOnPublicationSubscribedHandler()' was removed because the Java return type 'kotlin.jvm.functions.Function1<com.ntt.skyway.room.RoomSubscription, kotlin.Unit>' could not be found.
The method '[Method] kotlin.jvm.functions.Function1<com.ntt.skyway.room.RoomSubscription, kotlin.Unit> getOnPublicationUnsubscribedHandler()' was removed because the Java return type 'kotlin.jvm.functions.Function1<com.ntt.skyway.room.RoomSubscription, kotlin.Unit>' could not be found.
The method '[Method] kotlin.jvm.functions.Function1<com.ntt.skyway.room.RoomPublication, kotlin.Unit> getOnStreamPublishedHandler()' was removed because the Java return type 'kotlin.jvm.functions.Function1<com.ntt.skyway.room.RoomPublication, kotlin.Unit>' could not be found.
The method '[Method] kotlin.jvm.functions.Function1<com.ntt.skyway.room.RoomPublication, kotlin.Unit> getOnStreamUnpublishedHandler()' was removed because the Java return type 'kotlin.jvm.functions.Function1<com.ntt.skyway.room.RoomPublication, kotlin.Unit>' could not be found.
The method '[Method] kotlin.jvm.functions.Function0<kotlin.Unit> getOnSubscriptionListChangedHandler()' was removed because the Java return type 'kotlin.jvm.functions.Function0<kotlin.Unit>' could not be found.
The method '[Method] com.ntt.skyway.core.channel.Channel.State getState()' was removed because the Java return type 'com.ntt.skyway.core.channel.Channel.State' could not be found.
The method '[Method] java.lang.Object join(com.ntt.skyway.room.member.RoomMember.Init memberInit, kotlin.coroutines.Continuation<? super com.ntt.skyway.room.member.LocalRoomMember> p1)' was removed because the Java parameter type 'kotlin.coroutines.Continuation' could not be found.
The method '[Method] java.lang.Object leave(com.ntt.skyway.room.member.RoomMember member, kotlin.coroutines.Continuation<? super java.lang.Boolean> $completion)' was removed because the Java parameter type 'kotlin.coroutines.Continuation' could not be found.
The method '[Method] void setOnClosedHandler(kotlin.jvm.functions.Function0<kotlin.Unit> value)' was removed because the Java parameter type 'kotlin.jvm.functions.Function0' could not be found.
The method '[Method] void setOnErrorHandler(kotlin.jvm.functions.Function1<? super java.lang.Exception, kotlin.Unit> value)' was removed because the Java parameter type 'kotlin.jvm.functions.Function1' could not be found.
The method '[Method] void setOnMemberJoinedHandler(kotlin.jvm.functions.Function1<? super com.ntt.skyway.room.member.RoomMember, kotlin.Unit> value)' was removed because the Java parameter type 'kotlin.jvm.functions.Function1' could not be found.
The method '[Method] void setOnMemberLeftHandler(kotlin.jvm.functions.Function1<? super com.ntt.skyway.room.member.RoomMember, kotlin.Unit> value)' was removed because the Java parameter type 'kotlin.jvm.functions.Function1' could not be found.
The method '[Method] void setOnMemberListChangedHandler(kotlin.jvm.functions.Function0<kotlin.Unit> value)' was removed because the Java parameter type 'kotlin.jvm.functions.Function0' could not be found.
The method '[Method] void setOnMemberMetadataUpdatedHandler(kotlin.jvm.functions.Function2<? super com.ntt.skyway.room.member.RoomMember, ? super java.lang.String, kotlin.Unit> value)' was removed because the Java parameter type 'kotlin.jvm.functions.Function2' could not be found.
The method '[Method] void setOnMetadataUpdatedHandler(kotlin.jvm.functions.Function1<? super java.lang.String, kotlin.Unit> value)' was removed because the Java parameter type 'kotlin.jvm.functions.Function1' could not be found.
The method '[Method] void setOnPublicationDisabledHandler(kotlin.jvm.functions.Function1<? super com.ntt.skyway.room.RoomPublication, kotlin.Unit> value)' was removed because the Java parameter type 'kotlin.jvm.functions.Function1' could not be found.
The method '[Method] void setOnPublicationEnabledHandler(kotlin.jvm.functions.Function1<? super com.ntt.skyway.room.RoomPublication, kotlin.Unit> value)' was removed because the Java parameter type 'kotlin.jvm.functions.Function1' could not be found.
The method '[Method] void setOnPublicationListChangedHandler(kotlin.jvm.functions.Function0<kotlin.Unit> value)' was removed because the Java parameter type 'kotlin.jvm.functions.Function0' could not be found.
The method '[Method] void setOnPublicationMetadataUpdatedHandler(kotlin.jvm.functions.Function2<? super com.ntt.skyway.room.RoomPublication, ? super java.lang.String, kotlin.Unit> value)' was removed because the Java parameter type 'kotlin.jvm.functions.Function2' could not be found.
The method '[Method] void setOnPublicationSubscribedHandler(kotlin.jvm.functions.Function1<? super com.ntt.skyway.room.RoomSubscription, kotlin.Unit> value)' was removed because the Java parameter type 'kotlin.jvm.functions.Function1' could not be found.
The method '[Method] void setOnPublicationUnsubscribedHandler(kotlin.jvm.functions.Function1<? super com.ntt.skyway.room.RoomSubscription, kotlin.Unit> value)' was removed because the Java parameter type 'kotlin.jvm.functions.Function1' could not be found.
The method '[Method] void setOnStreamPublishedHandler(kotlin.jvm.functions.Function1<? super com.ntt.skyway.room.RoomPublication, kotlin.Unit> value)' was removed because the Java parameter type 'kotlin.jvm.functions.Function1' could not be found.
The method '[Method] void setOnStreamUnpublishedHandler(kotlin.jvm.functions.Function1<? super com.ntt.skyway.room.RoomPublication, kotlin.Unit> value)' was removed because the Java parameter type 'kotlin.jvm.functions.Function1' could not be found.
The method '[Method] void setOnSubscriptionListChangedHandler(kotlin.jvm.functions.Function0<kotlin.Unit> value)' was removed because the Java parameter type 'kotlin.jvm.functions.Function0' could not be found.
The method '[Method] java.lang.Object updateMetadata(java.lang.String metadata, kotlin.coroutines.Continuation<? super java.lang.Boolean> $completion)' was removed because the Java parameter type 'kotlin.coroutines.Continuation' could not be found.
The constructor 'Constructor: com.ntt.skyway.room.RoomPublication.RoomPublication' was removed because the Java parameter type 'com.ntt.skyway.core.channel.Publication' could not be found.
The method '[Method] com.ntt.skyway.core.channel.Publication access$getPublication$p(com.ntt.skyway.room.RoomPublication $this)' was removed because its name contains a dollar sign.
The method '[Method] java.lang.Object cancel(kotlin.coroutines.Continuation<? super java.lang.Boolean> $completion)' was removed because the Java parameter type 'kotlin.coroutines.Continuation' could not be found.
The method '[Method] java.lang.Object disable(kotlin.coroutines.Continuation<? super java.lang.Boolean> $completion)' was removed because the Java parameter type 'kotlin.coroutines.Continuation' could not be found.
The method '[Method] java.lang.Object enable(kotlin.coroutines.Continuation<? super java.lang.Boolean> $completion)' was removed because the Java parameter type 'kotlin.coroutines.Continuation' could not be found.
The method '[Method] java.util.List<com.ntt.skyway.core.content.Codec> getCodecCapabilities()' was removed because the Java return type 'java.util.List<com.ntt.skyway.core.content.Codec>' could not be found.
The method '[Method] com.ntt.skyway.core.content.Stream.ContentType getContentType()' was removed because the Java return type 'com.ntt.skyway.core.content.Stream.ContentType' could not be found.
The method '[Method] java.util.List<com.ntt.skyway.core.content.Encoding> getEncodings()' was removed because the Java return type 'java.util.List<com.ntt.skyway.core.content.Encoding>' could not be found.
The method '[Method] kotlin.jvm.functions.Function1<java.lang.String, kotlin.Unit> getOnConnectionStateChangedHandler()' was removed because the Java return type 'kotlin.jvm.functions.Function1<java.lang.String, kotlin.Unit>' could not be found.
The method '[Method] kotlin.jvm.functions.Function0<kotlin.Unit> getOnDisabledHandler()' was removed because the Java return type 'kotlin.jvm.functions.Function0<kotlin.Unit>' could not be found.
The method '[Method] kotlin.jvm.functions.Function0<kotlin.Unit> getOnEnabledHandler()' was removed because the Java return type 'kotlin.jvm.functions.Function0<kotlin.Unit>' could not be found.
The method '[Method] kotlin.jvm.functions.Function1<java.lang.String, kotlin.Unit> getOnMetadataUpdatedHandler()' was removed because the Java return type 'kotlin.jvm.functions.Function1<java.lang.String, kotlin.Unit>' could not be found.
The method '[Method] kotlin.jvm.functions.Function1<com.ntt.skyway.room.RoomSubscription, kotlin.Unit> getOnSubscribedHandler()' was removed because the Java return type 'kotlin.jvm.functions.Function1<com.ntt.skyway.room.RoomSubscription, kotlin.Unit>' could not be found.
The method '[Method] kotlin.jvm.functions.Function0<kotlin.Unit> getOnSubscriptionListChangedHandler()' was removed because the Java return type 'kotlin.jvm.functions.Function0<kotlin.Unit>' could not be found.
The method '[Method] kotlin.jvm.functions.Function0<kotlin.Unit> getOnUnpublishedHandler()' was removed because the Java return type 'kotlin.jvm.functions.Function0<kotlin.Unit>' could not be found.
The method '[Method] kotlin.jvm.functions.Function1<com.ntt.skyway.room.RoomSubscription, kotlin.Unit> getOnUnsubscribedHandler()' was removed because the Java return type 'kotlin.jvm.functions.Function1<com.ntt.skyway.room.RoomSubscription, kotlin.Unit>' could not be found.
The method '[Method] com.ntt.skyway.core.channel.Publication getOrigin$room_release()' was removed because its name contains a dollar sign.
The method '[Method] com.ntt.skyway.core.channel.Publication.State getState()' was removed because the Java return type 'com.ntt.skyway.core.channel.Publication.State' could not be found.
The method '[Method] com.ntt.skyway.core.content.WebRTCStats getStats(java.lang.String remoteMemberId)' was removed because the Java return type 'com.ntt.skyway.core.content.WebRTCStats' could not be found.
The method '[Method] com.ntt.skyway.core.content.Stream getStream()' was removed because the Java return type 'com.ntt.skyway.core.content.Stream' could not be found.
The method '[Method] void replaceStream(com.ntt.skyway.core.content.local.LocalStream stream)' was removed because the Java parameter type 'com.ntt.skyway.core.content.local.LocalStream' could not be found.
The method '[Method] void setOnConnectionStateChangedHandler(kotlin.jvm.functions.Function1<? super java.lang.String, kotlin.Unit> value)' was removed because the Java parameter type 'kotlin.jvm.functions.Function1' could not be found.
The method '[Method] void setOnDisabledHandler(kotlin.jvm.functions.Function0<kotlin.Unit> value)' was removed because the Java parameter type 'kotlin.jvm.functions.Function0' could not be found.
The method '[Method] void setOnEnabledHandler(kotlin.jvm.functions.Function0<kotlin.Unit> value)' was removed because the Java parameter type 'kotlin.jvm.functions.Function0' could not be found.
The method '[Method] void setOnMetadataUpdatedHandler(kotlin.jvm.functions.Function1<? super java.lang.String, kotlin.Unit> value)' was removed because the Java parameter type 'kotlin.jvm.functions.Function1' could not be found.
The method '[Method] void setOnSubscribedHandler(kotlin.jvm.functions.Function1<? super com.ntt.skyway.room.RoomSubscription, kotlin.Unit> value)' was removed because the Java parameter type 'kotlin.jvm.functions.Function1' could not be found.
The method '[Method] void setOnSubscriptionListChangedHandler(kotlin.jvm.functions.Function0<kotlin.Unit> value)' was removed because the Java parameter type 'kotlin.jvm.functions.Function0' could not be found.
The method '[Method] void setOnUnpublishedHandler(kotlin.jvm.functions.Function0<kotlin.Unit> value)' was removed because the Java parameter type 'kotlin.jvm.functions.Function0' could not be found.
The method '[Method] void setOnUnsubscribedHandler(kotlin.jvm.functions.Function1<? super com.ntt.skyway.room.RoomSubscription, kotlin.Unit> value)' was removed because the Java parameter type 'kotlin.jvm.functions.Function1' could not be found.
The method '[Method] void updateEncodings(java.util.List<com.ntt.skyway.core.content.Encoding> encodings)' was removed because the Java parameter type 'java.util.List' could not be found.
The constructor 'Constructor: com.ntt.skyway.room.RoomPublication.Options.RoomPublication.Options' was removed because the Java parameter type 'java.util.List' could not be found.
The constructor 'Constructor: com.ntt.skyway.room.RoomPublication.Options.RoomPublication.Options' was removed because the Java parameter type 'java.util.List' could not be found.
The method '[Method] java.util.List<com.ntt.skyway.core.content.Codec> component2()' was removed because the Java return type 'java.util.List<com.ntt.skyway.core.content.Codec>' could not be found.
The method '[Method] java.util.List<com.ntt.skyway.core.content.Encoding> component3()' was removed because the Java return type 'java.util.List<com.ntt.skyway.core.content.Encoding>' could not be found.
The method '[Method] com.ntt.skyway.room.RoomPublication.Options copy$default(com.ntt.skyway.room.RoomPublication.Options p0, java.lang.String p1, java.util.List p2, java.util.List p3, java.lang.Boolean p4, int p5, int p6, java.lang.Object p7)' was removed because its name contains a dollar sign.
The method '[Method] com.ntt.skyway.room.RoomPublication.Options copy(java.lang.String metadata, java.util.List<com.ntt.skyway.core.content.Codec> codecCapabilities, java.util.List<com.ntt.skyway.core.content.Encoding> encodings, java.lang.Boolean isEnabled, int maxSubscribers)' was removed because the Java parameter type 'java.util.List' could not be found.
The method '[Method] com.ntt.skyway.room.RoomPublication.Options copy(java.lang.String metadata, java.util.List<com.ntt.skyway.core.content.Codec> codecCapabilities, java.util.List<com.ntt.skyway.core.content.Encoding> encodings, java.lang.Boolean isEnabled, int maxSubscribers)' was removed because the Java parameter type 'java.util.List' could not be found.
The method '[Method] java.util.List<com.ntt.skyway.core.content.Codec> getCodecCapabilities()' was removed because the Java return type 'java.util.List<com.ntt.skyway.core.content.Codec>' could not be found.
The method '[Method] java.util.List<com.ntt.skyway.core.content.Encoding> getEncodings()' was removed because the Java return type 'java.util.List<com.ntt.skyway.core.content.Encoding>' could not be found.
The method '[Method] com.ntt.skyway.plugin.sfuBot.Forwarding.Configure toConfigure$room_release()' was removed because its name contains a dollar sign.
The method '[Method] com.ntt.skyway.core.channel.Publication.Options toCore$room_release()' was removed because its name contains a dollar sign.
The constructor 'Constructor: com.ntt.skyway.room.RoomSubscription.RoomSubscription' was removed because the Java parameter type 'com.ntt.skyway.core.channel.Subscription' could not be found.
The method '[Method] com.ntt.skyway.core.channel.Subscription access$getSubscription$p(com.ntt.skyway.room.RoomSubscription $this)' was removed because its name contains a dollar sign.
The method '[Method] java.lang.Object cancel(kotlin.coroutines.Continuation<? super java.lang.Boolean> $completion)' was removed because the Java parameter type 'kotlin.coroutines.Continuation' could not be found.
The method '[Method] java.lang.Object changePreferredEncoding(java.lang.String preferredEncodingId, kotlin.coroutines.Continuation<? super kotlin.Unit> $completion)' was removed because the Java parameter type 'kotlin.coroutines.Continuation' could not be found.
The method '[Method] com.ntt.skyway.core.content.Stream.ContentType getContentType()' was removed because the Java return type 'com.ntt.skyway.core.content.Stream.ContentType' could not be found.
The method '[Method] kotlin.jvm.functions.Function0<kotlin.Unit> getOnCanceledHandler()' was removed because the Java return type 'kotlin.jvm.functions.Function0<kotlin.Unit>' could not be found.
The method '[Method] kotlin.jvm.functions.Function1<java.lang.String, kotlin.Unit> getOnConnectionStateChangedHandler()' was removed because the Java return type 'kotlin.jvm.functions.Function1<java.lang.String, kotlin.Unit>' could not be found.
The method '[Method] com.ntt.skyway.core.channel.Subscription.State getState()' was removed because the Java return type 'com.ntt.skyway.core.channel.Subscription.State' could not be found.
The method '[Method] com.ntt.skyway.core.content.WebRTCStats getStats()' was removed because the Java return type 'com.ntt.skyway.core.content.WebRTCStats' could not be found.
The method '[Method] com.ntt.skyway.core.content.remote.RemoteStream getStream()' was removed because the Java return type 'com.ntt.skyway.core.content.remote.RemoteStream' could not be found.
The method '[Method] void setOnCanceledHandler(kotlin.jvm.functions.Function0<kotlin.Unit> value)' was removed because the Java parameter type 'kotlin.jvm.functions.Function0' could not be found.
The method '[Method] void setOnConnectionStateChangedHandler(kotlin.jvm.functions.Function1<? super java.lang.String, kotlin.Unit> value)' was removed because the Java parameter type 'kotlin.jvm.functions.Function1' could not be found.
The method '[Method] com.ntt.skyway.room.RoomSubscription.Options copy$default(com.ntt.skyway.room.RoomSubscription.Options p0, java.lang.String p1, int p2, java.lang.Object p3)' was removed because its name contains a dollar sign.
The method '[Method] com.ntt.skyway.core.channel.Subscription.Options toCore$room_release()' was removed because its name contains a dollar sign.
The constructor 'Constructor: com.ntt.skyway.room.member.LocalRoomMember.LocalRoomMember' was removed because the Java parameter type 'com.ntt.skyway.core.channel.member.LocalPerson' could not be found.
The method '[Method] com.ntt.skyway.core.channel.member.LocalPerson getLocalPerson$room_release()' was removed because its name contains a dollar sign.
The method '[Method] kotlin.jvm.functions.Function1<com.ntt.skyway.room.RoomSubscription, kotlin.Unit> getOnPublicationSubscribedHandler()' was removed because the Java return type 'kotlin.jvm.functions.Function1<com.ntt.skyway.room.RoomSubscription, kotlin.Unit>' could not be found.
The method '[Method] kotlin.jvm.functions.Function1<com.ntt.skyway.room.RoomSubscription, kotlin.Unit> getOnPublicationUnsubscribedHandler()' was removed because the Java return type 'kotlin.jvm.functions.Function1<com.ntt.skyway.room.RoomSubscription, kotlin.Unit>' could not be found.
The method '[Method] kotlin.jvm.functions.Function1<com.ntt.skyway.room.RoomPublication, kotlin.Unit> getOnStreamPublishedHandler()' was removed because the Java return type 'kotlin.jvm.functions.Function1<com.ntt.skyway.room.RoomPublication, kotlin.Unit>' could not be found.
The method '[Method] kotlin.jvm.functions.Function1<com.ntt.skyway.room.RoomPublication, kotlin.Unit> getOnStreamUnpublishedHandler()' was removed because the Java return type 'kotlin.jvm.functions.Function1<com.ntt.skyway.room.RoomPublication, kotlin.Unit>' could not be found.
The method '[Method] com.ntt.skyway.core.channel.member.Member.Side getSide()' was removed because the Java return type 'com.ntt.skyway.core.channel.member.Member.Side' could not be found.
The method '[Method] java.lang.Object publish$default(com.ntt.skyway.room.member.LocalRoomMember p0, com.ntt.skyway.core.content.local.LocalStream p1, com.ntt.skyway.room.RoomPublication.Options p2, kotlin.coroutines.Continuation p3, int p4, java.lang.Object p5)' was removed because its name contains a dollar sign.
The method '[Method] java.lang.Object publish(com.ntt.skyway.core.content.local.LocalStream localStream, com.ntt.skyway.room.RoomPublication.Options options, kotlin.coroutines.Continuation<? super com.ntt.skyway.room.RoomPublication> $completion)' was removed because the Java parameter type 'com.ntt.skyway.core.content.local.LocalStream' could not be found.
The method '[Method] java.lang.Object publish(com.ntt.skyway.core.content.local.LocalStream localStream, com.ntt.skyway.room.RoomPublication.Options options, kotlin.coroutines.Continuation<? super com.ntt.skyway.room.RoomPublication> $completion)' was removed because the Java parameter type 'kotlin.coroutines.Continuation' could not be found.
The method '[Method] void setOnPublicationSubscribedHandler(kotlin.jvm.functions.Function1<? super com.ntt.skyway.room.RoomSubscription, kotlin.Unit> value)' was removed because the Java parameter type 'kotlin.jvm.functions.Function1' could not be found.
The method '[Method] void setOnPublicationUnsubscribedHandler(kotlin.jvm.functions.Function1<? super com.ntt.skyway.room.RoomSubscription, kotlin.Unit> value)' was removed because the Java parameter type 'kotlin.jvm.functions.Function1' could not be found.
The method '[Method] void setOnStreamPublishedHandler(kotlin.jvm.functions.Function1<? super com.ntt.skyway.room.RoomPublication, kotlin.Unit> value)' was removed because the Java parameter type 'kotlin.jvm.functions.Function1' could not be found.
The method '[Method] void setOnStreamUnpublishedHandler(kotlin.jvm.functions.Function1<? super com.ntt.skyway.room.RoomPublication, kotlin.Unit> value)' was removed because the Java parameter type 'kotlin.jvm.functions.Function1' could not be found.
The method '[Method] java.lang.Object subscribe$default(com.ntt.skyway.room.member.LocalRoomMember p0, com.ntt.skyway.room.RoomPublication p1, com.ntt.skyway.room.RoomSubscription.Options p2, kotlin.coroutines.Continuation p3, int p4, java.lang.Object p5)' was removed because its name contains a dollar sign.
The method '[Method] java.lang.Object subscribe$default(com.ntt.skyway.room.member.LocalRoomMember p0, java.lang.String p1, com.ntt.skyway.room.RoomSubscription.Options p2, kotlin.coroutines.Continuation p3, int p4, java.lang.Object p5)' was removed because its name contains a dollar sign.
The method '[Method] java.lang.Object subscribe(com.ntt.skyway.room.RoomPublication publication, com.ntt.skyway.room.RoomSubscription.Options options, kotlin.coroutines.Continuation<? super com.ntt.skyway.room.RoomSubscription> $completion)' was removed because the Java parameter type 'kotlin.coroutines.Continuation' could not be found.
The method '[Method] java.lang.Object subscribe(java.lang.String publicationId, com.ntt.skyway.room.RoomSubscription.Options options, kotlin.coroutines.Continuation<? super com.ntt.skyway.room.RoomSubscription> $completion)' was removed because the Java parameter type 'kotlin.coroutines.Continuation' could not be found.
The method '[Method] java.lang.Object unpublish(com.ntt.skyway.room.RoomPublication publication, kotlin.coroutines.Continuation<? super java.lang.Boolean> $completion)' was removed because the Java parameter type 'kotlin.coroutines.Continuation' could not be found.
The method '[Method] java.lang.Object unsubscribe(com.ntt.skyway.core.channel.Subscription subscription, kotlin.coroutines.Continuation<? super java.lang.Boolean> $completion)' was removed because the Java parameter type 'com.ntt.skyway.core.channel.Subscription' could not be found.
The method '[Method] java.lang.Object unsubscribe(com.ntt.skyway.core.channel.Subscription subscription, kotlin.coroutines.Continuation<? super java.lang.Boolean> $completion)' was removed because the Java parameter type 'kotlin.coroutines.Continuation' could not be found.
The method '[Method] java.lang.Object unsubscribe(java.lang.String subscriptionId, kotlin.coroutines.Continuation<? super java.lang.Boolean> $completion)' was removed because the Java parameter type 'kotlin.coroutines.Continuation' could not be found.
The constructor 'Constructor: com.ntt.skyway.room.member.RemoteRoomMember.RemoteRoomMember' was removed because the Java parameter type 'com.ntt.skyway.plugin.remotePerson.RemotePerson' could not be found.
The method '[Method] com.ntt.skyway.plugin.remotePerson.RemotePerson getRemoteMember$room_release()' was removed because its name contains a dollar sign.
The method '[Method] com.ntt.skyway.core.channel.member.Member.Side getSide()' was removed because the Java return type 'com.ntt.skyway.core.channel.member.Member.Side' could not be found.
The method '[Method] java.lang.Object subscribe(java.lang.String publicationId, kotlin.coroutines.Continuation<? super com.ntt.skyway.core.channel.Subscription> $completion)' was removed because the Java parameter type 'kotlin.coroutines.Continuation' could not be found.
The method '[Method] java.lang.Object unsubscribe(java.lang.String subscriptionsId, kotlin.coroutines.Continuation<? super java.lang.Boolean> $completion)' was removed because the Java parameter type 'kotlin.coroutines.Continuation' could not be found.
The constructor 'Constructor: com.ntt.skyway.room.member.RoomMember.RoomMember' was removed because the Java parameter type 'com.ntt.skyway.core.channel.member.Member' could not be found.
The method '[Method] com.ntt.skyway.core.channel.member.Member getMember$room_release()' was removed because its name contains a dollar sign.
The method '[Method] kotlin.jvm.functions.Function0<kotlin.Unit> getOnLeftHandler()' was removed because the Java return type 'kotlin.jvm.functions.Function0<kotlin.Unit>' could not be found.
The method '[Method] kotlin.jvm.functions.Function1<java.lang.String, kotlin.Unit> getOnMetadataUpdatedHandler()' was removed because the Java return type 'kotlin.jvm.functions.Function1<java.lang.String, kotlin.Unit>' could not be found.
The method '[Method] kotlin.jvm.functions.Function0<kotlin.Unit> getOnPublicationListChangedHandler()' was removed because the Java return type 'kotlin.jvm.functions.Function0<kotlin.Unit>' could not be found.
The method '[Method] kotlin.jvm.functions.Function0<kotlin.Unit> getOnSubscriptionListChangedHandler()' was removed because the Java return type 'kotlin.jvm.functions.Function0<kotlin.Unit>' could not be found.
The method '[Method] com.ntt.skyway.core.channel.member.Member.Side getSide()' was removed because the Java return type 'com.ntt.skyway.core.channel.member.Member.Side' could not be found.
The method '[Method] com.ntt.skyway.core.channel.member.Member.State getState()' was removed because the Java return type 'com.ntt.skyway.core.channel.member.Member.State' could not be found.
The method '[Method] java.lang.Object leave(kotlin.coroutines.Continuation<? super java.lang.Boolean> $completion)' was removed because the Java parameter type 'kotlin.coroutines.Continuation' could not be found.
The method '[Method] void setOnLeftHandler(kotlin.jvm.functions.Function0<kotlin.Unit> value)' was removed because the Java parameter type 'kotlin.jvm.functions.Function0' could not be found.
The method '[Method] void setOnMetadataUpdatedHandler(kotlin.jvm.functions.Function1<? super java.lang.String, kotlin.Unit> value)' was removed because the Java parameter type 'kotlin.jvm.functions.Function1' could not be found.
The method '[Method] void setOnPublicationListChangedHandler(kotlin.jvm.functions.Function0<kotlin.Unit> value)' was removed because the Java parameter type 'kotlin.jvm.functions.Function0' could not be found.
The method '[Method] void setOnSubscriptionListChangedHandler(kotlin.jvm.functions.Function0<kotlin.Unit> value)' was removed because the Java parameter type 'kotlin.jvm.functions.Function0' could not be found.
The method '[Method] java.lang.Object updateMetadata(java.lang.String metadata, kotlin.coroutines.Continuation<? super java.lang.Boolean> $completion)' was removed because the Java parameter type 'kotlin.coroutines.Continuation' could not be found.
The method '[Method] com.ntt.skyway.room.member.RoomMember.Init copy$default(com.ntt.skyway.room.member.RoomMember.Init p0, java.lang.String p1, java.lang.String p2, int p3, int p4, java.lang.Object p5)' was removed because its name contains a dollar sign.
The constructor 'Constructor: com.ntt.skyway.room.p2p.LocalP2PRoomMember.LocalP2PRoomMember' was removed because the Java parameter type 'com.ntt.skyway.core.channel.member.LocalPerson' could not be found.
The method '[Method] com.ntt.skyway.core.channel.member.LocalPerson getLocalPerson$room_release()' was removed because its name contains a dollar sign.
The constructor 'Constructor: com.ntt.skyway.room.p2p.P2PRoom.P2PRoom' was removed because the Java parameter type 'com.ntt.skyway.core.channel.Channel' could not be found.
The method '[Method] com.ntt.skyway.core.channel.Channel access$getChannel$p(com.ntt.skyway.room.p2p.P2PRoom $this)' was removed because its name contains a dollar sign.
The method '[Method] void access$onMemberJoined(com.ntt.skyway.room.p2p.P2PRoom $this, com.ntt.skyway.core.channel.member.Member member)' was removed because its name contains a dollar sign.
The method '[Method] void access$onMemberLeft(com.ntt.skyway.room.p2p.P2PRoom $this, com.ntt.skyway.core.channel.member.Member member)' was removed because its name contains a dollar sign.
The method '[Method] void access$onMemberMetadataUpdated(com.ntt.skyway.room.p2p.P2PRoom $this, com.ntt.skyway.core.channel.member.Member member, java.lang.String metadata)' was removed because its name contains a dollar sign.
The method '[Method] void access$onPublicationDisabled(com.ntt.skyway.room.p2p.P2PRoom $this, com.ntt.skyway.core.channel.Publication publication)' was removed because its name contains a dollar sign.
The method '[Method] void access$onPublicationEnabled(com.ntt.skyway.room.p2p.P2PRoom $this, com.ntt.skyway.core.channel.Publication publication)' was removed because its name contains a dollar sign.
The method '[Method] void access$onPublicationMetadataUpdated(com.ntt.skyway.room.p2p.P2PRoom $this, com.ntt.skyway.core.channel.Publication publication, java.lang.String metadata)' was removed because its name contains a dollar sign.
The method '[Method] void access$onPublicationSubscribed(com.ntt.skyway.room.p2p.P2PRoom $this, com.ntt.skyway.core.channel.Subscription subscription)' was removed because its name contains a dollar sign.
The method '[Method] void access$onPublicationUnsubscribed(com.ntt.skyway.room.p2p.P2PRoom $this, com.ntt.skyway.core.channel.Subscription subscription)' was removed because its name contains a dollar sign.
The method '[Method] void access$onStreamPublished(com.ntt.skyway.room.p2p.P2PRoom $this, com.ntt.skyway.core.channel.Publication publication)' was removed because its name contains a dollar sign.
The method '[Method] void access$onStreamUnpublished(com.ntt.skyway.room.p2p.P2PRoom $this, com.ntt.skyway.core.channel.Publication publication)' was removed because its name contains a dollar sign.
The method '[Method] java.lang.Object create(java.lang.String name, java.lang.String metadata, kotlin.coroutines.Continuation<? super com.ntt.skyway.room.p2p.P2PRoom> $completion)' was removed because the Java parameter type 'kotlin.coroutines.Continuation' could not be found.
The method '[Method] java.lang.Object find(java.lang.String name, java.lang.String id, kotlin.coroutines.Continuation<? super com.ntt.skyway.room.p2p.P2PRoom> $completion)' was removed because the Java parameter type 'kotlin.coroutines.Continuation' could not be found.
The method '[Method] java.lang.Object findOrCreate(java.lang.String name, java.lang.String metadata, kotlin.coroutines.Continuation<? super com.ntt.skyway.room.p2p.P2PRoom> $completion)' was removed because the Java parameter type 'kotlin.coroutines.Continuation' could not be found.
The method '[Method] java.lang.Object join(com.ntt.skyway.room.member.RoomMember.Init memberInit, kotlin.coroutines.Continuation<? super com.ntt.skyway.room.p2p.LocalP2PRoomMember> $completion)' was removed because the Java parameter type 'kotlin.coroutines.Continuation' could not be found.
The constructor 'Constructor: com.ntt.skyway.room.p2p.P2PRoom.Companion.P2PRoom.Companion' was removed because the Java parameter type 'kotlin.jvm.internal.DefaultConstructorMarker' could not be found.
The method '[Method] java.lang.Object create$default(com.ntt.skyway.room.p2p.P2PRoom.Companion p0, java.lang.String p1, java.lang.String p2, kotlin.coroutines.Continuation p3, int p4, java.lang.Object p5)' was removed because its name contains a dollar sign.
The method '[Method] java.lang.Object create(java.lang.String name, java.lang.String metadata, kotlin.coroutines.Continuation<? super com.ntt.skyway.room.p2p.P2PRoom> $completion)' was removed because the Java parameter type 'kotlin.coroutines.Continuation' could not be found.
The method '[Method] java.lang.Object find$default(com.ntt.skyway.room.p2p.P2PRoom.Companion p0, java.lang.String p1, java.lang.String p2, kotlin.coroutines.Continuation p3, int p4, java.lang.Object p5)' was removed because its name contains a dollar sign.
The method '[Method] java.lang.Object find(java.lang.String name, java.lang.String id, kotlin.coroutines.Continuation<? super com.ntt.skyway.room.p2p.P2PRoom> $completion)' was removed because the Java parameter type 'kotlin.coroutines.Continuation' could not be found.
The method '[Method] java.lang.Object findOrCreate$default(com.ntt.skyway.room.p2p.P2PRoom.Companion p0, java.lang.String p1, java.lang.String p2, kotlin.coroutines.Continuation p3, int p4, java.lang.Object p5)' was removed because its name contains a dollar sign.
The method '[Method] java.lang.Object findOrCreate(java.lang.String name, java.lang.String metadata, kotlin.coroutines.Continuation<? super com.ntt.skyway.room.p2p.P2PRoom> $completion)' was removed because the Java parameter type 'kotlin.coroutines.Continuation' could not be found.
The constructor 'Constructor: com.ntt.skyway.room.sfu.LocalSFURoomMember.LocalSFURoomMember' was removed because the Java parameter type 'com.ntt.skyway.core.channel.member.LocalPerson' could not be found.
The method '[Method] com.ntt.skyway.core.channel.member.LocalPerson getLocalPerson$room_release()' was removed because its name contains a dollar sign.
The method '[Method] java.lang.Object publish(com.ntt.skyway.core.content.local.LocalStream localStream, com.ntt.skyway.room.RoomPublication.Options options, kotlin.coroutines.Continuation<? super com.ntt.skyway.room.RoomPublication> p2)' was removed because the Java parameter type 'com.ntt.skyway.core.content.local.LocalStream' could not be found.
The method '[Method] java.lang.Object publish(com.ntt.skyway.core.content.local.LocalStream localStream, com.ntt.skyway.room.RoomPublication.Options options, kotlin.coroutines.Continuation<? super com.ntt.skyway.room.RoomPublication> p2)' was removed because the Java parameter type 'kotlin.coroutines.Continuation' could not be found.
The method '[Method] java.lang.Object unpublish(com.ntt.skyway.room.RoomPublication publication, kotlin.coroutines.Continuation<? super java.lang.Boolean> p1)' was removed because the Java parameter type 'kotlin.coroutines.Continuation' could not be found.
The constructor 'Constructor: com.ntt.skyway.room.sfu.SFURoom.SFURoom' was removed because the Java parameter type 'com.ntt.skyway.core.channel.Channel' could not be found.
The method '[Method] com.ntt.skyway.core.channel.Channel access$getChannel$p(com.ntt.skyway.room.sfu.SFURoom $this)' was removed because its name contains a dollar sign.
The method '[Method] void access$onMemberJoined(com.ntt.skyway.room.sfu.SFURoom $this, com.ntt.skyway.core.channel.member.Member member)' was removed because its name contains a dollar sign.
The method '[Method] void access$onMemberLeft(com.ntt.skyway.room.sfu.SFURoom $this, com.ntt.skyway.core.channel.member.Member member)' was removed because its name contains a dollar sign.
The method '[Method] void access$onMemberMetadataUpdated(com.ntt.skyway.room.sfu.SFURoom $this, com.ntt.skyway.core.channel.member.Member member, java.lang.String metadata)' was removed because its name contains a dollar sign.
The method '[Method] void access$onPublicationDisabled(com.ntt.skyway.room.sfu.SFURoom $this, com.ntt.skyway.core.channel.Publication publication)' was removed because its name contains a dollar sign.
The method '[Method] void access$onPublicationEnabled(com.ntt.skyway.room.sfu.SFURoom $this, com.ntt.skyway.core.channel.Publication publication)' was removed because its name contains a dollar sign.
The method '[Method] void access$onPublicationMetadataUpdated(com.ntt.skyway.room.sfu.SFURoom $this, com.ntt.skyway.core.channel.Publication publication, java.lang.String metadata)' was removed because its name contains a dollar sign.
The method '[Method] void access$onPublicationSubscribed(com.ntt.skyway.room.sfu.SFURoom $this, com.ntt.skyway.core.channel.Subscription subscription)' was removed because its name contains a dollar sign.
The method '[Method] void access$onPublicationUnsubscribed(com.ntt.skyway.room.sfu.SFURoom $this, com.ntt.skyway.core.channel.Subscription subscription)' was removed because its name contains a dollar sign.
The method '[Method] void access$onStreamPublished(com.ntt.skyway.room.sfu.SFURoom $this, com.ntt.skyway.core.channel.Publication publication)' was removed because its name contains a dollar sign.
The method '[Method] void access$onStreamUnpublished(com.ntt.skyway.room.sfu.SFURoom $this, com.ntt.skyway.core.channel.Publication publication)' was removed because its name contains a dollar sign.
The method '[Method] java.lang.Object create(java.lang.String name, java.lang.String metadata, kotlin.coroutines.Continuation<? super com.ntt.skyway.room.sfu.SFURoom> $completion)' was removed because the Java parameter type 'kotlin.coroutines.Continuation' could not be found.
The method '[Method] java.lang.Object find(java.lang.String name, java.lang.String id, kotlin.coroutines.Continuation<? super com.ntt.skyway.room.sfu.SFURoom> $completion)' was removed because the Java parameter type 'kotlin.coroutines.Continuation' could not be found.
The method '[Method] java.lang.Object findOrCreate(java.lang.String name, java.lang.String metadata, kotlin.coroutines.Continuation<? super com.ntt.skyway.room.sfu.SFURoom> $completion)' was removed because the Java parameter type 'kotlin.coroutines.Continuation' could not be found.
The method '[Method] com.ntt.skyway.plugin.sfuBot.SFUBot getBot$room_release()' was removed because its name contains a dollar sign.
The method '[Method] java.lang.Object join(com.ntt.skyway.room.member.RoomMember.Init memberInit, kotlin.coroutines.Continuation<? super com.ntt.skyway.room.sfu.LocalSFURoomMember> $completion)' was removed because the Java parameter type 'kotlin.coroutines.Continuation' could not be found.
The constructor 'Constructor: com.ntt.skyway.room.sfu.SFURoom.Companion.SFURoom.Companion' was removed because the Java parameter type 'kotlin.jvm.internal.DefaultConstructorMarker' could not be found.
The method '[Method] java.lang.Object create$default(com.ntt.skyway.room.sfu.SFURoom.Companion p0, java.lang.String p1, java.lang.String p2, kotlin.coroutines.Continuation p3, int p4, java.lang.Object p5)' was removed because its name contains a dollar sign.
The method '[Method] java.lang.Object create(java.lang.String name, java.lang.String metadata, kotlin.coroutines.Continuation<? super com.ntt.skyway.room.sfu.SFURoom> $completion)' was removed because the Java parameter type 'kotlin.coroutines.Continuation' could not be found.
The method '[Method] java.lang.Object find$default(com.ntt.skyway.room.sfu.SFURoom.Companion p0, java.lang.String p1, java.lang.String p2, kotlin.coroutines.Continuation p3, int p4, java.lang.Object p5)' was removed because its name contains a dollar sign.
The method '[Method] java.lang.Object find(java.lang.String name, java.lang.String id, kotlin.coroutines.Continuation<? super com.ntt.skyway.room.sfu.SFURoom> $completion)' was removed because the Java parameter type 'kotlin.coroutines.Continuation' could not be found.
The method '[Method] java.lang.Object findOrCreate$default(com.ntt.skyway.room.sfu.SFURoom.Companion p0, java.lang.String p1, java.lang.String p2, kotlin.coroutines.Continuation p3, int p4, java.lang.Object p5)' was removed because its name contains a dollar sign.
The method '[Method] java.lang.Object findOrCreate(java.lang.String name, java.lang.String metadata, kotlin.coroutines.Continuation<? super com.ntt.skyway.room.sfu.SFURoom> $completion)' was removed because the Java parameter type 'kotlin.coroutines.Continuation' could not be found.
The method '[Method] java.util.concurrent.locks.ReentrantLock access$getLock$cp()' was removed because its name contains a dollar sign.
The constructor 'Constructor: com.ntt.skyway.room.util.Util.Companion.Util.Companion' was removed because the Java parameter type 'kotlin.jvm.internal.DefaultConstructorMarker' could not be found.

